["2025-03-07T17:30:09.438", "DEBUG", "ubuntupro.config", "parse_config", 476, "Using client configuration file at /etc/ubuntu-advantage/uaclient.conf", {}]
["2025-03-07T17:30:09.441", "DEBUG", "ubuntupro.system", "load_file", 536, "Reading file: /etc/ubuntu-advantage/uaclient.conf", {}]
["2025-03-07T17:30:09.441", "DEBUG", "ubuntupro.files.files", "read", 58, "Tried to load /var/lib/ubuntu-advantage/user-config.json but file does not exist", {}]
["2025-03-07T17:30:09.445", "DEBUG", "ubuntupro.http", "configure_web_proxy", 146, "Setting no_proxy: 169.254.169.254,[fd00:ec2::254],metadata", {}]
["2025-03-07T17:30:09.445", "DEBUG", "ubuntupro.http", "configure_web_proxy", 154, "Setting global proxy dict", {}]
["2025-03-07T17:30:09.446", "DEBUG", "ubuntupro.cli", "main", 283, "Executed with sys.argv: ['/usr/bin/pro', 'status', '--all']", {}]
["2025-03-07T17:30:09.446", "DEBUG", "ubuntupro.files.files", "read", 58, "Tried to load /var/lib/ubuntu-advantage/machine-token.json but file does not exist", {}]
["2025-03-07T17:30:09.446", "DEBUG", "ubuntupro.files.files", "read", 58, "Tried to load /var/lib/ubuntu-advantage/machine-token.json but file does not exist", {}]
["2025-03-07T17:30:09.446", "DEBUG", "ubuntupro.system", "load_file", 536, "Reading file: /etc/os-release", {}]
["2025-03-07T17:30:09.446", "DEBUG", "ubuntupro.system", "load_file", 536, "Reading file: /proc/version_signature", {}]
["2025-03-07T17:30:09.710", "DEBUG", "ubuntupro.files.files", "read", 58, "Tried to load /var/lib/ubuntu-advantage/machine-token.json but file does not exist", {}]
["2025-03-07T17:30:09.710", "DEBUG", "ubuntupro.files.files", "read", 58, "Tried to load /var/lib/ubuntu-advantage/machine-token.json but file does not exist", {}]
["2025-03-07T17:30:09.711", "DEBUG", "ubuntupro.http", "readurl", 348, "URL [GET]: https://contracts.canonical.com/v1/resources?architecture=amd64&kernel=6.8.0-1021-aws&series=noble&virt=xen, headers: {'accept': 'application/json', 'content-type': 'application/json', 'user-agent': 'UA-Client/34~24.04'}, data: None", {}]
["2025-03-07T17:30:09.712", "DEBUG", "ubuntupro.http", "should_use_pycurl", 208, "Should use pycurl: False", {}]
["2025-03-07T17:30:10.139", "DEBUG", "ubuntupro.http", "readurl", 388, "URL [GET] response: https://contracts.canonical.com/v1/resources?architecture=amd64&kernel=6.8.0-1021-aws&series=noble&virt=xen, headers: {'accept-ranges': 'bytes', 'cache-control': 'no-store, max-age=0', 'connection': 'close', 'content-length': '884', 'content-type': 'application/json', 'date': 'Fri, 07 Mar 2025 17:30:10 GMT', 'server': 'nginx/1.18.0 (Ubuntu)', 'strict-transport-security': 'max-age=15724800; includeSubDomains', 'x-cache-status': 'MISS from content-cache-il3/4', 'x-trace-id': '76fdd26e-e287-4536-b1c9-fe1754467dcb'}, data: {'resources': [{'available': True, 'name': 'anbox-cloud'}, {'available': True, 'name': 'anbox-images'}, {'available': True, 'name': 'cc'}, {'available': False, 'name': 'cc-eal'}, {'available': True, 'name': 'cis', 'presentedAs': 'usg'}, {'available': False, 'name': 'esm'}, {'available': True, 'name': 'esm-apps'}, {'available': False, 'name': 'esm-apps-python'}, {'available': True, 'name': 'esm-infra'}, {'available': False, 'name': 'esm-infra-legacy'}, {'available': False, 'name': 'esm-python'}, {'available': False, 'name': 'esm-ros'}, {'available': False, 'name': 'fips'}, {'available': False, 'name': 'fips-preview'}, {'available': False, 'name': 'fips-updates'}, {'available': True, 'name': 'landscape'}, {'available': True, 'name': 'livepatch'}, {'available': True, 'name': 'livepatch-onprem'}, {'available': True, 'name': 'realtime-kernel'}, {'available': False, 'name': 'ros'}, {'available': False, 'name': 'ros-updates'}, {'available': True, 'name': 'support'}]}", {}]
["2025-03-07T17:30:10.141", "DEBUG", "ubuntupro.status", "_unattached_status", 300, "Ignoring availability of unknown service anbox-images from contract server", {}]
["2025-03-07T17:30:10.142", "DEBUG", "ubuntupro.status", "_unattached_status", 300, "Ignoring availability of unknown service cc from contract server", {}]
["2025-03-07T17:30:10.142", "DEBUG", "ubuntupro.status", "_unattached_status", 300, "Ignoring availability of unknown service esm from contract server", {}]
["2025-03-07T17:30:10.142", "DEBUG", "ubuntupro.status", "_unattached_status", 300, "Ignoring availability of unknown service esm-apps-python from contract server", {}]
["2025-03-07T17:30:10.142", "DEBUG", "ubuntupro.status", "_unattached_status", 300, "Ignoring availability of unknown service esm-infra-legacy from contract server", {}]
["2025-03-07T17:30:10.142", "DEBUG", "ubuntupro.status", "_unattached_status", 300, "Ignoring availability of unknown service esm-python from contract server", {}]
["2025-03-07T17:30:10.142", "DEBUG", "ubuntupro.status", "_unattached_status", 300, "Ignoring availability of unknown service esm-ros from contract server", {}]
["2025-03-07T17:30:10.143", "DEBUG", "ubuntupro.livepatch", "status", 126, "canonical-livepatch is not installed", {}]
["2025-03-07T17:30:10.143", "DEBUG", "ubuntupro.files.files", "read", 58, "Tried to load /home/ubuntu/.cache/ubuntu-pro/livepatch-kernel-support-cache.json but file does not exist", {}]
["2025-03-07T17:30:10.143", "DEBUG", "ubuntupro.livepatch", "on_supported_kernel", 361, "using livepatch support api", {}]
["2025-03-07T17:30:10.143", "DEBUG", "ubuntupro.config", "parse_config", 476, "Using client configuration file at /etc/ubuntu-advantage/uaclient.conf", {}]
["2025-03-07T17:30:10.143", "DEBUG", "ubuntupro.system", "load_file", 536, "Reading file: /etc/ubuntu-advantage/uaclient.conf", {}]
["2025-03-07T17:30:10.144", "DEBUG", "ubuntupro.files.files", "read", 58, "Tried to load /var/lib/ubuntu-advantage/user-config.json but file does not exist", {}]
["2025-03-07T17:30:10.144", "DEBUG", "ubuntupro.http", "readurl", 348, "URL [GET]: https://livepatch.canonical.com/v1/api/kernels/supported?architecture=amd64&build-date=2024-12-09T23%3A59%3A34%2B00%3A00&codename=noble&flavour=aws&kernel-version=6.8, headers: {'accept': 'application/json', 'content-type': 'application/json', 'user-agent': 'UA-Client/34~24.04'}, data: None", {}]
["2025-03-07T17:30:10.144", "DEBUG", "ubuntupro.http", "should_use_pycurl", 208, "Should use pycurl: False", {}]
["2025-03-07T17:30:10.530", "DEBUG", "ubuntupro.http", "readurl", 388, "URL [GET] response: https://livepatch.canonical.com/v1/api/kernels/supported?architecture=amd64&build-date=2024-12-09T23%3A59%3A34%2B00%3A00&codename=noble&flavour=aws&kernel-version=6.8, headers: {'accept-ranges': 'bytes', 'cache-control': 'no-store, max-age=0', 'connection': 'close', 'content-length': '58', 'content-type': 'application/json', 'date': 'Fri, 07 Mar 2025 17:30:10 GMT', 'server': 'nginx/1.18.0 (Ubuntu)', 'strict-transport-security': 'max-age=15724800; includeSubDomains', 'x-cache-status': 'MISS from content-cache-il3/0'}, data: {'SruDate': datetime.datetime(2026, 1, 9, 23, 59, 34, tzinfo=datetime.timezone.utc), 'Supported': 'supported'}", {}]
["2025-03-07T17:30:10.531", "DEBUG", "ubuntupro.system", "write_file", 580, "Writing file /home/ubuntu/.cache/ubuntu-pro/livepatch-kernel-support-cache.json atomically via tempfile /home/ubuntu/.cache/ubuntu-pro/tmpjsn5_ths", {}]
["2025-03-07T17:30:10.531", "DEBUG", "ubuntupro.status", "_unattached_status", 300, "Ignoring availability of unknown service livepatch-onprem from contract server", {}]
["2025-03-07T17:30:10.531", "DEBUG", "ubuntupro.status", "_unattached_status", 300, "Ignoring availability of unknown service support from contract server", {}]
["2025-03-07T17:30:10.531", "DEBUG", "ubuntupro.files.files", "read", 58, "Tried to load /var/lib/ubuntu-advantage/lock but file does not exist", {}]
["2025-03-07T17:30:10.531", "DEBUG", "ubuntupro.files.files", "read", 58, "Tried to load /var/lib/ubuntu-advantage/user-config.json but file does not exist", {}]
