19-Mar-2025 06:42:07.703 INFO [main] org.apache.catalina.core.ApplicationContext.log 1 Spring WebApplicationInitializers detected on classpath
19-Mar-2025 06:42:08.486 INFO [main] org.apache.catalina.core.ApplicationContext.log ContextListener: contextInitialized()
19-Mar-2025 06:42:08.488 INFO [main] org.apache.catalina.core.ApplicationContext.log SessionListener: contextInitialized()
19-Mar-2025 06:42:08.489 INFO [main] org.apache.catalina.core.ApplicationContext.log ContextListener: attributeAdded('StockTicker', 'async.Stockticker@4a937d43')
19-Mar-2025 06:43:38.091 INFO [main] org.apache.catalina.core.ApplicationContext.log SessionListener: contextDestroyed()
19-Mar-2025 06:43:38.091 INFO [main] org.apache.catalina.core.ApplicationContext.log ContextListener: contextDestroyed()
19-Mar-2025 12:39:27.738 INFO [main] org.apache.catalina.core.ApplicationContext.log 1 Spring WebApplicationInitializers detected on classpath
19-Mar-2025 12:39:28.402 INFO [main] org.apache.catalina.core.ApplicationContext.log ContextListener: contextInitialized()
19-Mar-2025 12:39:28.403 INFO [main] org.apache.catalina.core.ApplicationContext.log SessionListener: contextInitialized()
19-Mar-2025 12:39:28.403 INFO [main] org.apache.catalina.core.ApplicationContext.log ContextListener: attributeAdded('StockTicker', 'async.Stockticker@514c6ca0')
19-Mar-2025 12:40:39.466 INFO [http-nio-8080-exec-3] org.apache.catalina.core.ApplicationContext.log ContextListener: attributeAdded('org.apache.jasper.runtime.JspApplicationContextImpl', 'org.apache.jasper.runtime.JspApplicationContextImpl@37f8858d')
19-Mar-2025 12:40:39.492 INFO [http-nio-8080-exec-3] org.apache.catalina.core.ApplicationContext.log ContextListener: attributeAdded('org.apache.jasper.compiler.ELInterpreter', 'org.apache.jasper.compiler.ELInterpreterFactory$DefaultELInterpreter@20de07e8')
19-Mar-2025 12:40:39.493 INFO [http-nio-8080-exec-3] org.apache.catalina.core.ApplicationContext.log ContextListener: attributeAdded('org.apache.jasper.compiler.StringInterpreter', 'org.apache.jasper.compiler.StringInterpreterFactory$DefaultStringInterpreter@2fe145b4')
19-Mar-2025 15:14:49.046 INFO [main] org.apache.catalina.core.ApplicationContext.log SessionListener: contextDestroyed()
19-Mar-2025 15:14:49.046 INFO [main] org.apache.catalina.core.ApplicationContext.log ContextListener: contextDestroyed()
19-Mar-2025 15:15:01.149 INFO [main] org.apache.catalina.core.ApplicationContext.log 1 Spring WebApplicationInitializers detected on classpath
19-Mar-2025 15:15:01.817 INFO [main] org.apache.catalina.core.ApplicationContext.log ContextListener: contextInitialized()
19-Mar-2025 15:15:01.817 INFO [main] org.apache.catalina.core.ApplicationContext.log SessionListener: contextInitialized()
19-Mar-2025 15:15:01.819 INFO [main] org.apache.catalina.core.ApplicationContext.log ContextListener: attributeAdded('StockTicker', 'async.Stockticker@352d3749')
19-Mar-2025 15:20:25.832 INFO [Thread-1] org.apache.catalina.core.ApplicationContext.log SessionListener: contextDestroyed()
19-Mar-2025 15:20:25.835 INFO [Thread-1] org.apache.catalina.core.ApplicationContext.log ContextListener: contextDestroyed()
19-Mar-2025 17:51:05.924 INFO [main] org.apache.catalina.core.ApplicationContext.log 1 Spring WebApplicationInitializers detected on classpath
19-Mar-2025 17:51:07.900 INFO [main] org.apache.catalina.core.ApplicationContext.log 2 Spring WebApplicationInitializers detected on classpath
19-Mar-2025 17:51:08.697 INFO [main] org.apache.catalina.core.ApplicationContext.log ContextListener: contextInitialized()
19-Mar-2025 17:51:08.699 INFO [main] org.apache.catalina.core.ApplicationContext.log SessionListener: contextInitialized()
19-Mar-2025 17:51:08.700 INFO [main] org.apache.catalina.core.ApplicationContext.log ContextListener: attributeAdded('StockTicker', 'async.Stockticker@5b936410')
19-Mar-2025 17:53:37.287 INFO [main] org.apache.catalina.core.ApplicationContext.log SessionListener: contextDestroyed()
19-Mar-2025 17:53:37.287 INFO [main] org.apache.catalina.core.ApplicationContext.log ContextListener: contextDestroyed()
19-Mar-2025 17:53:48.884 INFO [main] org.apache.catalina.core.ApplicationContext.log 1 Spring WebApplicationInitializers detected on classpath
19-Mar-2025 17:53:50.669 INFO [main] org.apache.catalina.core.ApplicationContext.log 2 Spring WebApplicationInitializers detected on classpath
19-Mar-2025 17:53:51.369 INFO [main] org.apache.catalina.core.ApplicationContext.log ContextListener: contextInitialized()
19-Mar-2025 17:53:51.369 INFO [main] org.apache.catalina.core.ApplicationContext.log SessionListener: contextInitialized()
19-Mar-2025 17:53:51.370 INFO [main] org.apache.catalina.core.ApplicationContext.log ContextListener: attributeAdded('StockTicker', 'async.Stockticker@5fd5963d')
19-Mar-2025 18:08:13.541 INFO [Catalina-utility-2] org.apache.catalina.core.ApplicationContext.log 1 Spring WebApplicationInitializers detected on classpath
19-Mar-2025 18:08:40.120 INFO [main] org.apache.catalina.core.ApplicationContext.log SessionListener: contextDestroyed()
19-Mar-2025 18:08:40.121 INFO [main] org.apache.catalina.core.ApplicationContext.log ContextListener: contextDestroyed()
19-Mar-2025 18:08:51.196 INFO [main] org.apache.catalina.core.ApplicationContext.log 1 Spring WebApplicationInitializers detected on classpath
19-Mar-2025 18:08:53.021 INFO [main] org.apache.catalina.core.ApplicationContext.log 2 Spring WebApplicationInitializers detected on classpath
19-Mar-2025 18:08:55.294 INFO [main] org.apache.catalina.core.ApplicationContext.log 1 Spring WebApplicationInitializers detected on classpath
19-Mar-2025 18:08:55.604 INFO [main] org.apache.catalina.core.ApplicationContext.log ContextListener: contextInitialized()
19-Mar-2025 18:08:55.606 INFO [main] org.apache.catalina.core.ApplicationContext.log SessionListener: contextInitialized()
19-Mar-2025 18:08:55.607 INFO [main] org.apache.catalina.core.ApplicationContext.log ContextListener: attributeAdded('StockTicker', 'async.Stockticker@648d6010')
19-Mar-2025 18:34:47.418 INFO [Catalina-utility-2] org.apache.catalina.core.ApplicationContext.log 2 Spring WebApplicationInitializers detected on classpath
19-Mar-2025 18:34:49.925 INFO [Catalina-utility-2] org.apache.catalina.core.ApplicationContext.log Initializing Spring embedded WebApplicationContext
19-Mar-2025 18:35:22.902 INFO [main] org.apache.catalina.core.ApplicationContext.log Closing Spring root WebApplicationContext
19-Mar-2025 18:35:22.929 INFO [main] org.apache.catalina.core.ApplicationContext.log SessionListener: contextDestroyed()
19-Mar-2025 18:35:22.930 INFO [main] org.apache.catalina.core.ApplicationContext.log ContextListener: contextDestroyed()
19-Mar-2025 18:35:36.021 INFO [main] org.apache.catalina.core.ApplicationContext.log 1 Spring WebApplicationInitializers detected on classpath
19-Mar-2025 18:35:37.945 INFO [main] org.apache.catalina.core.ApplicationContext.log 2 Spring WebApplicationInitializers detected on classpath
19-Mar-2025 18:35:40.677 INFO [main] org.apache.catalina.core.ApplicationContext.log Initializing Spring embedded WebApplicationContext
19-Mar-2025 18:35:43.876 INFO [main] org.apache.catalina.core.ApplicationContext.log 2 Spring WebApplicationInitializers detected on classpath
19-Mar-2025 18:35:45.786 INFO [main] org.apache.catalina.core.ApplicationContext.log 1 Spring WebApplicationInitializers detected on classpath
19-Mar-2025 18:35:46.061 INFO [main] org.apache.catalina.core.ApplicationContext.log ContextListener: contextInitialized()
19-Mar-2025 18:35:46.061 INFO [main] org.apache.catalina.core.ApplicationContext.log SessionListener: contextInitialized()
19-Mar-2025 18:35:46.064 INFO [main] org.apache.catalina.core.ApplicationContext.log ContextListener: attributeAdded('StockTicker', 'async.Stockticker@5a1acf73')
19-Mar-2025 18:41:38.789 INFO [main] org.apache.catalina.core.ApplicationContext.log Closing Spring root WebApplicationContext
19-Mar-2025 18:41:38.805 INFO [main] org.apache.catalina.core.ApplicationContext.log SessionListener: contextDestroyed()
19-Mar-2025 18:41:38.809 INFO [main] org.apache.catalina.core.ApplicationContext.log ContextListener: contextDestroyed()
19-Mar-2025 18:41:49.663 INFO [main] org.apache.catalina.core.ApplicationContext.log 1 Spring WebApplicationInitializers detected on classpath
19-Mar-2025 18:41:51.503 INFO [main] org.apache.catalina.core.ApplicationContext.log 2 Spring WebApplicationInitializers detected on classpath
19-Mar-2025 18:41:54.210 INFO [main] org.apache.catalina.core.ApplicationContext.log Initializing Spring embedded WebApplicationContext
19-Mar-2025 18:41:57.263 INFO [main] org.apache.catalina.core.ApplicationContext.log 2 Spring WebApplicationInitializers detected on classpath
19-Mar-2025 18:41:58.922 INFO [main] org.apache.catalina.core.ApplicationContext.log 1 Spring WebApplicationInitializers detected on classpath
19-Mar-2025 18:41:59.214 INFO [main] org.apache.catalina.core.ApplicationContext.log ContextListener: contextInitialized()
19-Mar-2025 18:41:59.214 INFO [main] org.apache.catalina.core.ApplicationContext.log SessionListener: contextInitialized()
19-Mar-2025 18:41:59.217 INFO [main] org.apache.catalina.core.ApplicationContext.log ContextListener: attributeAdded('StockTicker', 'async.Stockticker@cd83db8')
19-Mar-2025 18:42:13.587 INFO [http-nio-8080-exec-4] org.apache.catalina.core.ApplicationContext.log Initializing Spring DispatcherServlet 'dispatcherServlet'
19-Mar-2025 18:43:12.114 INFO [Thread-1] org.apache.catalina.core.ApplicationContext.log Destroying Spring FrameworkServlet 'dispatcherServlet'
19-Mar-2025 18:43:12.114 INFO [Thread-1] org.apache.catalina.core.ApplicationContext.log Closing Spring root WebApplicationContext
19-Mar-2025 18:43:12.184 INFO [Thread-1] org.apache.catalina.core.ApplicationContext.log SessionListener: contextDestroyed()
19-Mar-2025 18:43:12.185 INFO [Thread-1] org.apache.catalina.core.ApplicationContext.log ContextListener: contextDestroyed()
